<?xml version="1.0" encoding="UTF-8"?>
<!-- Generated by org.testng.reporters.JUnitReportReporter -->
<testsuite hostname="mounika" failures="0" tests="5" name="TestNG.TestNG_Ex" time="0.016" errors="0" timestamp="2024-04-05T16:30:26 IST" skipped="0">
  <testcase classname="TestNG.TestNG_Ex" name="method3" time="0.001"/>
  <system-out/>
  <testcase classname="TestNG.TestNG_Ex" name="Method2" time="0.010"/>
  <system-out/>
  <testcase classname="TestNG.TestNG_Ex" name="Method2" time="0.000"/>
  <system-out/>
  <testcase classname="TestNG.TestNG_Ex" name="method1" time="0.002"/>
  <system-out/>
  <testcase classname="TestNG.TestNG_Ex" name="method3" time="0.003"/>
  <system-out/>
</testsuite> <!-- TestNG.TestNG_Ex -->
