<?xml version="1.0" encoding="UTF-8"?>
<!-- Generated by org.testng.reporters.JUnitReportReporter -->
<testsuite hostname="mounika" failures="0" tests="2" name="TestNG.DataProviderEX" time="0.023" errors="0" timestamp="2024-04-05T18:06:49 IST" skipped="0">
  <testcase classname="TestNG.DataProviderEX" name="getData" time="0.018"/>
  <system-out/>
  <testcase classname="TestNG.DataProviderEX" name="getData" time="0.005"/>
  <system-out/>
</testsuite> <!-- TestNG.DataProviderEX -->
